<?xml version="1.0" encoding="UTF-8"?>
<!-- Generated by org.testng.reporters.JUnitXMLReporter -->
<testsuite hostname="LTIN339106" name="Default test" tests="5" failures="0" timestamp="23 Nov 2021 09:27:58 GMT" time="1.57" errors="0">
  <testcase name="@BeforeTest openBrowser" time="0.0" classname="com.qa.ac.test.SignUpForNews">
    <failure type="org.testng.TestNGException" message="
Parameter &amp;apos;Browser&amp;apos; is required by @Configuration on method openBrowser but has not been marked @Optional or defined
in C:\Users\2066410\AppData\Local\Temp\testng-eclipse--1464201302\testng-customsuite.xml">
      <![CDATA[org.testng.TestNGException: 
Parameter 'Browser' is required by @Configuration on method openBrowser but has not been marked @Optional or defined
in C:\Users\2066410\AppData\Local\Temp\testng-eclipse--1464201302\testng-customsuite.xml
	at org.testng.internal.Parameters.createParameters(Parameters.java:154)
	at org.testng.internal.Parameters.createParameters(Parameters.java:361)
	at org.testng.internal.Parameters.createConfigurationParameters(Parameters.java:84)
	at org.testng.internal.Invoker.invokeConfigurations(Invoker.java:201)
	at org.testng.internal.Invoker.invokeConfigurations(Invoker.java:142)
	at org.testng.TestRunner.beforeRun(TestRunner.java:656)
	at org.testng.TestRunner.run(TestRunner.java:624)
	at org.testng.SuiteRunner.runTest(SuiteRunner.java:366)
	at org.testng.SuiteRunner.runSequentially(SuiteRunner.java:361)
	at org.testng.SuiteRunner.privateRun(SuiteRunner.java:319)
	at org.testng.SuiteRunner.run(SuiteRunner.java:268)
	at org.testng.SuiteRunnerWorker.runSuite(SuiteRunnerWorker.java:52)
	at org.testng.SuiteRunnerWorker.run(SuiteRunnerWorker.java:86)
	at org.testng.TestNG.runSuitesSequentially(TestNG.java:1244)
	at org.testng.TestNG.runSuitesLocally(TestNG.java:1169)
	at org.testng.TestNG.run(TestNG.java:1064)
	at org.testng.remote.RemoteTestNG.run(RemoteTestNG.java:113)
	at org.testng.remote.RemoteTestNG.initAndRun(RemoteTestNG.java:206)
	at org.testng.remote.RemoteTestNG.main(RemoteTestNG.java:177)
]]>
    </failure>
  </testcase> <!-- @BeforeTest openBrowser -->
  <testcase name="@AfterTest closeBrowser2" time="0.0" classname="com.qa.ac.test.SignUpForNews">
    <skipped/>
  </testcase> <!-- @AfterTest closeBrowser2 -->
  <testcase name="signUp" time="0.003" classname="com.qa.ac.test.SignUpForNews">
    <skipped/>
  </testcase> <!-- signUp -->
  <testcase name="signUp" time="0.0" classname="com.qa.ac.test.SignUpForNews">
    <skipped/>
  </testcase> <!-- signUp -->
  <testcase name="signUp" time="0.001" classname="com.qa.ac.test.SignUpForNews">
    <skipped/>
  </testcase> <!-- signUp -->
  <testcase name="signUp" time="0.001" classname="com.qa.ac.test.SignUpForNews">
    <skipped/>
  </testcase> <!-- signUp -->
  <testcase name="signUp" time="0.001" classname="com.qa.ac.test.SignUpForNews">
    <skipped/>
  </testcase> <!-- signUp -->
</testsuite> <!-- Default test -->
