<html>
<head>
<title>TestNG:  Default test</title>
<link href="../testng.css" rel="stylesheet" type="text/css" />
<link href="../my-testng.css" rel="stylesheet" type="text/css" />

<style type="text/css">
.log { display: none;} 
.stack-trace { display: none;} 
</style>
<script type="text/javascript">
<!--
function flip(e) {
  current = e.style.display;
  if (current == 'block') {
    e.style.display = 'none';
    return 0;
  }
  else {
    e.style.display = 'block';
    return 1;
  }
}

function toggleBox(szDivId, elem, msg1, msg2)
{
  var res = -1;  if (document.getElementById) {
    res = flip(document.getElementById(szDivId));
  }
  else if (document.all) {
    // this is the way old msie versions work
    res = flip(document.all[szDivId]);
  }
  if(elem) {
    if(res == 0) elem.innerHTML = msg1; else elem.innerHTML = msg2;
  }

}

function toggleAllBoxes() {
  if (document.getElementsByTagName) {
    d = document.getElementsByTagName('div');
    for (i = 0; i < d.length; i++) {
      if (d[i].className == 'log') {
        flip(d[i]);
      }
    }
  }
}

// -->
</script>

</head>
<body>
<h2 align='center'>Default test</h2><table border='1' align="center">
<tr>
<td>Tests passed/Failed/Skipped:</td><td>0/0/5</td>
</tr><tr>
<td>Started on:</td><td>Tue Nov 23 01:27:56 PST 2021</td>
</tr>
<tr><td>Total time:</td><td>1 seconds (1570 ms)</td>
</tr><tr>
<td>Included groups:</td><td></td>
</tr><tr>
<td>Excluded groups:</td><td></td>
</tr>
</table><p/>
<small><i>(Hover the method name to see the test class name)</i></small><p/>
<table width='100%' border='1' class='invocation-failed'>
<tr><td colspan='4' align='center'><b>FAILED CONFIGURATIONS</b></td></tr>
<tr><td><b>Test method</b></td>
<td width="30%"><b>Exception</b></td>
<td width="10%"><b>Time (seconds)</b></td>
<td><b>Instance</b></td>
</tr>
<tr>
<td title='com.qa.ac.test.SignUpForNews.openBrowser()'><b>openBrowser</b><br>Test class: com.qa.ac.test.SignUpForNews</td>
<td><div><pre>org.testng.TestNGException: 
Parameter &apos;Browser&apos; is required by @Configuration on method openBrowser but has not been marked @Optional or defined
in C:\Users\2066410\AppData\Local\Temp\testng-eclipse--1464201302\testng-customsuite.xml
	at org.testng.internal.Parameters.createParameters(Parameters.java:154)
	at org.testng.internal.Parameters.createParameters(Parameters.java:361)
	at org.testng.internal.Parameters.createConfigurationParameters(Parameters.java:84)
	at org.testng.internal.Invoker.invokeConfigurations(Invoker.java:201)
	at org.testng.internal.Invoker.invokeConfigurations(Invoker.java:142)
	at org.testng.TestRunner.beforeRun(TestRunner.java:656)
	at org.testng.TestRunner.run(TestRunner.java:624)
	at org.testng.SuiteRunner.runTest(SuiteRunner.java:366)
	at org.testng.SuiteRunner.runSequentially(SuiteRunner.java:361)
	at org.testng.SuiteRunner.privateRun(SuiteRunner.java:319)
	at org.testng.SuiteRunner.run(SuiteRunner.java:268)
	at org.testng.SuiteRunnerWorker.runSuite(SuiteRunnerWorker.java:52)
	at org.testng.SuiteRunnerWorker.run(SuiteRunnerWorker.java:86)
	at org.testng.TestNG.runSuitesSequentially(TestNG.java:1244)
	at org.testng.TestNG.runSuitesLocally(TestNG.java:1169)
	at org.testng.TestNG.run(TestNG.java:1064)
	at org.testng.remote.RemoteTestNG.run(RemoteTestNG.java:113)
	at org.testng.remote.RemoteTestNG.initAndRun(RemoteTestNG.java:206)
	at org.testng.remote.RemoteTestNG.main(RemoteTestNG.java:177)
</pre></div><a href='#' onClick='toggleBox("stack-trace1165897474", this, "Click to show all stack frames", "Click to hide stack frames")'>Click to show all stack frames</a>
<div class='stack-trace' id='stack-trace1165897474'><pre>org.testng.TestNGException: 
Parameter &apos;Browser&apos; is required by @Configuration on method openBrowser but has not been marked @Optional or defined
in C:\Users\2066410\AppData\Local\Temp\testng-eclipse--1464201302\testng-customsuite.xml
	at org.testng.internal.Parameters.createParameters(Parameters.java:154)
	at org.testng.internal.Parameters.createParameters(Parameters.java:361)
	at org.testng.internal.Parameters.createConfigurationParameters(Parameters.java:84)
	at org.testng.internal.Invoker.invokeConfigurations(Invoker.java:201)
	at org.testng.internal.Invoker.invokeConfigurations(Invoker.java:142)
	at org.testng.TestRunner.beforeRun(TestRunner.java:656)
	at org.testng.TestRunner.run(TestRunner.java:624)
	at org.testng.SuiteRunner.runTest(SuiteRunner.java:366)
	at org.testng.SuiteRunner.runSequentially(SuiteRunner.java:361)
	at org.testng.SuiteRunner.privateRun(SuiteRunner.java:319)
	at org.testng.SuiteRunner.run(SuiteRunner.java:268)
	at org.testng.SuiteRunnerWorker.runSuite(SuiteRunnerWorker.java:52)
	at org.testng.SuiteRunnerWorker.run(SuiteRunnerWorker.java:86)
	at org.testng.TestNG.runSuitesSequentially(TestNG.java:1244)
	at org.testng.TestNG.runSuitesLocally(TestNG.java:1169)
	at org.testng.TestNG.run(TestNG.java:1064)
	at org.testng.remote.RemoteTestNG.run(RemoteTestNG.java:113)
	at org.testng.remote.RemoteTestNG.initAndRun(RemoteTestNG.java:206)
	at org.testng.remote.RemoteTestNG.main(RemoteTestNG.java:177)
</pre></div></td>
<td>0</td>
<td>null</td></tr>
</table><p>
<table width='100%' border='1' class='invocation-skipped'>
<tr><td colspan='4' align='center'><b>SKIPPED CONFIGURATIONS</b></td></tr>
<tr><td><b>Test method</b></td>
<td width="30%"><b>Exception</b></td>
<td width="10%"><b>Time (seconds)</b></td>
<td><b>Instance</b></td>
</tr>
<tr>
<td title='com.qa.ac.test.SignUpForNews.closeBrowser2()'><b>closeBrowser2</b><br>Test class: com.qa.ac.test.SignUpForNews</td>
<td></td>
<td>0</td>
<td>null</td></tr>
</table><p>
<table width='100%' border='1' class='invocation-skipped'>
<tr><td colspan='4' align='center'><b>SKIPPED TESTS</b></td></tr>
<tr><td><b>Test method</b></td>
<td width="30%"><b>Exception</b></td>
<td width="10%"><b>Time (seconds)</b></td>
<td><b>Instance</b></td>
</tr>
<tr>
<td title='com.qa.ac.test.SignUpForNews.signUp()'><b>signUp</b><br>Test class: com.qa.ac.test.SignUpForNews<br>Parameters: Pranav, Prakash, Pranavprakash753@gmail.com, +917011760234, Aman%$09876, 232, Valid</td>
<td></td>
<td>0</td>
<td>com.qa.ac.test.SignUpForNews@3c09711b</td></tr>
<tr>
<td title='com.qa.ac.test.SignUpForNews.signUp()'><b>signUp</b><br>Test class: com.qa.ac.test.SignUpForNews<br>Parameters: josphine, kumari, josphinekr89@cognizant.com, +918973456325, 0000000000, 111, Invalid</td>
<td></td>
<td>0</td>
<td>com.qa.ac.test.SignUpForNews@3c09711b</td></tr>
<tr>
<td title='com.qa.ac.test.SignUpForNews.signUp()'><b>signUp</b><br>Test class: com.qa.ac.test.SignUpForNews<br>Parameters: 345#Y, kumar#7, puja@yoyo.com, +910000000000, wet@#$,try colny,5678,Indian ocean, 2345.0, Invalid</td>
<td></td>
<td>0</td>
<td>com.qa.ac.test.SignUpForNews@3c09711b</td></tr>
<tr>
<td title='com.qa.ac.test.SignUpForNews.signUp()'><b>signUp</b><br>Test class: com.qa.ac.test.SignUpForNews<br>Parameters: priyanka90, kumari , 8705@hotmail.com, +910123456789, NA, 123, Invalid</td>
<td></td>
<td>0</td>
<td>com.qa.ac.test.SignUpForNews@3c09711b</td></tr>
<tr>
<td title='com.qa.ac.test.SignUpForNews.signUp()'><b>signUp</b><br>Test class: com.qa.ac.test.SignUpForNews<br>Parameters: qwerty, Priyanka#$%, asmw3456@pranav.com, +911111111111, werty675WERR, 24240, Invalid</td>
<td></td>
<td>0</td>
<td>com.qa.ac.test.SignUpForNews@3c09711b</td></tr>
</table><p>
</body>
</html>