<html>
<head>
<title>TestNG:  CromeTest</title>
<link href="../testng.css" rel="stylesheet" type="text/css" />
<link href="../my-testng.css" rel="stylesheet" type="text/css" />

<style type="text/css">
.log { display: none;} 
.stack-trace { display: none;} 
</style>
<script type="text/javascript">
<!--
function flip(e) {
  current = e.style.display;
  if (current == 'block') {
    e.style.display = 'none';
    return 0;
  }
  else {
    e.style.display = 'block';
    return 1;
  }
}

function toggleBox(szDivId, elem, msg1, msg2)
{
  var res = -1;  if (document.getElementById) {
    res = flip(document.getElementById(szDivId));
  }
  else if (document.all) {
    // this is the way old msie versions work
    res = flip(document.all[szDivId]);
  }
  if(elem) {
    if(res == 0) elem.innerHTML = msg1; else elem.innerHTML = msg2;
  }

}

function toggleAllBoxes() {
  if (document.getElementsByTagName) {
    d = document.getElementsByTagName('div');
    for (i = 0; i < d.length; i++) {
      if (d[i].className == 'log') {
        flip(d[i]);
      }
    }
  }
}

// -->
</script>

</head>
<body>
<h2 align='center'>CromeTest</h2><table border='1' align="center">
<tr>
<td>Tests passed/Failed/Skipped:</td><td>39/5/0</td>
</tr><tr>
<td>Started on:</td><td>Mon Nov 22 10:07:56 PST 2021</td>
</tr>
<tr><td>Total time:</td><td>933 seconds (933259 ms)</td>
</tr><tr>
<td>Included groups:</td><td></td>
</tr><tr>
<td>Excluded groups:</td><td></td>
</tr>
</table><p/>
<small><i>(Hover the method name to see the test class name)</i></small><p/>
<table width='100%' border='1' class='invocation-failed'>
<tr><td colspan='4' align='center'><b>FAILED TESTS</b></td></tr>
<tr><td><b>Test method</b></td>
<td width="30%"><b>Exception</b></td>
<td width="10%"><b>Time (seconds)</b></td>
<td><b>Instance</b></td>
</tr>
<tr>
<td title='com.qa.ac.test.SignUpForNews.signUp()'><b>signUp</b><br>Test class: com.qa.ac.test.SignUpForNews<br>Parameters: Pranav, Prakash, Pranavprakash753@gmail.com, +917011760234, Aman%$09876, 232, Valid</td>
<td><div><pre>org.openqa.selenium.ElementClickInterceptedException: element click intercepted: Element is not clickable at point (75, 797)
  (Session info: chrome=93.0.4577.82)
Build info: version: &apos;3.141.59&apos;, revision: &apos;e82be7d358&apos;, time: &apos;2018-11-14T08:17:03&apos;
System info: host: &apos;LTIN339106&apos;, ip: &apos;192.168.1.2&apos;, os.name: &apos;Windows 10&apos;, os.arch: &apos;amd64&apos;, os.version: &apos;10.0&apos;, java.version: &apos;1.8.0_271&apos;
Driver info: org.openqa.selenium.chrome.ChromeDriver
Capabilities {acceptInsecureCerts: false, browserName: chrome, browserVersion: 93.0.4577.82, chrome: {chromedriverVersion: 93.0.4577.63 (ff5c0da2ec0ad..., userDataDir: C:\Users\2066410\AppData\Lo...}, goog:chromeOptions: {debuggerAddress: localhost:52958}, javascriptEnabled: true, networkConnectionEnabled: false, pageLoadStrategy: normal, platform: WINDOWS, platformName: WINDOWS, proxy: Proxy(), setWindowRect: true, strictFileInteractability: false, timeouts: {implicit: 0, pageLoad: 300000, script: 30000}, unhandledPromptBehavior: dismiss and notify, webauthn:extension:credBlob: true, webauthn:extension:largeBlob: true, webauthn:virtualAuthenticators: true}
Session ID: e23a46aa99824d69515fc5209ac77840
	at org.openqa.selenium.remote.http.W3CHttpResponseCodec.createException(W3CHttpResponseCodec.java:187)
	at org.openqa.selenium.remote.http.W3CHttpResponseCodec.decode(W3CHttpResponseCodec.java:122)
	at org.openqa.selenium.remote.http.W3CHttpResponseCodec.decode(W3CHttpResponseCodec.java:49)
	at org.openqa.selenium.remote.HttpCommandExecutor.execute(HttpCommandExecutor.java:158)
	at org.openqa.selenium.remote.service.DriverCommandExecutor.execute(DriverCommandExecutor.java:83)
	at org.openqa.selenium.remote.RemoteWebDriver.execute(RemoteWebDriver.java:552)
	at org.openqa.selenium.remote.RemoteWebElement.execute(RemoteWebElement.java:285)
	at org.openqa.selenium.remote.RemoteWebElement.click(RemoteWebElement.java:84)
	at org.openqa.selenium.support.pagefactory.internal.LocatingElementHandler.invoke(LocatingElementHandler.java:51)
	at com.sun.proxy.$Proxy10.click(Unknown Source)
	at com.qa.ac.test.SignUpForNews.signUp(SignUpForNews.java:55)
... Removed 31 stack frames</pre></div><a href='#' onClick='toggleBox("stack-trace1375949608", this, "Click to show all stack frames", "Click to hide stack frames")'>Click to show all stack frames</a>
<div class='stack-trace' id='stack-trace1375949608'><pre>org.openqa.selenium.ElementClickInterceptedException: element click intercepted: Element is not clickable at point (75, 797)
  (Session info: chrome=93.0.4577.82)
Build info: version: &apos;3.141.59&apos;, revision: &apos;e82be7d358&apos;, time: &apos;2018-11-14T08:17:03&apos;
System info: host: &apos;LTIN339106&apos;, ip: &apos;192.168.1.2&apos;, os.name: &apos;Windows 10&apos;, os.arch: &apos;amd64&apos;, os.version: &apos;10.0&apos;, java.version: &apos;1.8.0_271&apos;
Driver info: org.openqa.selenium.chrome.ChromeDriver
Capabilities {acceptInsecureCerts: false, browserName: chrome, browserVersion: 93.0.4577.82, chrome: {chromedriverVersion: 93.0.4577.63 (ff5c0da2ec0ad..., userDataDir: C:\Users\2066410\AppData\Lo...}, goog:chromeOptions: {debuggerAddress: localhost:52958}, javascriptEnabled: true, networkConnectionEnabled: false, pageLoadStrategy: normal, platform: WINDOWS, platformName: WINDOWS, proxy: Proxy(), setWindowRect: true, strictFileInteractability: false, timeouts: {implicit: 0, pageLoad: 300000, script: 30000}, unhandledPromptBehavior: dismiss and notify, webauthn:extension:credBlob: true, webauthn:extension:largeBlob: true, webauthn:virtualAuthenticators: true}
Session ID: e23a46aa99824d69515fc5209ac77840
	at sun.reflect.NativeConstructorAccessorImpl.newInstance0(Native Method)
	at sun.reflect.NativeConstructorAccessorImpl.newInstance(NativeConstructorAccessorImpl.java:62)
	at sun.reflect.DelegatingConstructorAccessorImpl.newInstance(DelegatingConstructorAccessorImpl.java:45)
	at java.lang.reflect.Constructor.newInstance(Constructor.java:423)
	at org.openqa.selenium.remote.http.W3CHttpResponseCodec.createException(W3CHttpResponseCodec.java:187)
	at org.openqa.selenium.remote.http.W3CHttpResponseCodec.decode(W3CHttpResponseCodec.java:122)
	at org.openqa.selenium.remote.http.W3CHttpResponseCodec.decode(W3CHttpResponseCodec.java:49)
	at org.openqa.selenium.remote.HttpCommandExecutor.execute(HttpCommandExecutor.java:158)
	at org.openqa.selenium.remote.service.DriverCommandExecutor.execute(DriverCommandExecutor.java:83)
	at org.openqa.selenium.remote.RemoteWebDriver.execute(RemoteWebDriver.java:552)
	at org.openqa.selenium.remote.RemoteWebElement.execute(RemoteWebElement.java:285)
	at org.openqa.selenium.remote.RemoteWebElement.click(RemoteWebElement.java:84)
	at sun.reflect.GeneratedMethodAccessor7.invoke(Unknown Source)
	at sun.reflect.DelegatingMethodAccessorImpl.invoke(DelegatingMethodAccessorImpl.java:43)
	at java.lang.reflect.Method.invoke(Method.java:498)
	at org.openqa.selenium.support.pagefactory.internal.LocatingElementHandler.invoke(LocatingElementHandler.java:51)
	at com.sun.proxy.$Proxy10.click(Unknown Source)
	at com.qa.ac.test.SignUpForNews.signUp(SignUpForNews.java:55)
	at sun.reflect.NativeMethodAccessorImpl.invoke0(Native Method)
	at sun.reflect.NativeMethodAccessorImpl.invoke(NativeMethodAccessorImpl.java:62)
	at sun.reflect.DelegatingMethodAccessorImpl.invoke(DelegatingMethodAccessorImpl.java:43)
	at java.lang.reflect.Method.invoke(Method.java:498)
	at org.testng.internal.MethodInvocationHelper.invokeMethod(MethodInvocationHelper.java:86)
	at org.testng.internal.Invoker.invokeMethod(Invoker.java:645)
	at org.testng.internal.Invoker.invokeTestMethod(Invoker.java:822)
	at org.testng.internal.Invoker.invokeTestMethods(Invoker.java:1130)
	at org.testng.internal.TestMethodWorker.invokeTestMethods(TestMethodWorker.java:129)
	at org.testng.internal.TestMethodWorker.run(TestMethodWorker.java:112)
	at org.testng.TestRunner.privateRun(TestRunner.java:782)
	at org.testng.TestRunner.run(TestRunner.java:632)
	at org.testng.SuiteRunner.runTest(SuiteRunner.java:366)
	at org.testng.SuiteRunner.runSequentially(SuiteRunner.java:361)
	at org.testng.SuiteRunner.privateRun(SuiteRunner.java:319)
	at org.testng.SuiteRunner.run(SuiteRunner.java:268)
	at org.testng.SuiteRunnerWorker.runSuite(SuiteRunnerWorker.java:52)
	at org.testng.SuiteRunnerWorker.run(SuiteRunnerWorker.java:86)
	at org.testng.TestNG.runSuitesSequentially(TestNG.java:1244)
	at org.testng.TestNG.runSuitesLocally(TestNG.java:1169)
	at org.testng.TestNG.run(TestNG.java:1064)
	at org.testng.remote.RemoteTestNG.run(RemoteTestNG.java:113)
	at org.testng.remote.RemoteTestNG.initAndRun(RemoteTestNG.java:206)
	at org.testng.remote.RemoteTestNG.main(RemoteTestNG.java:177)
</pre></div></td>
<td>13</td>
<td>com.qa.ac.test.SignUpForNews@4520ebad</td></tr>
<tr>
<td title='com.qa.ac.test.SignUpForNews.signUp()'><b>signUp</b><br>Test class: com.qa.ac.test.SignUpForNews<br>Parameters: josphine, kumari, josphinekr89@cognizant.com, +918973456325, 0000000000, 111, Invalid</td>
<td><div><pre>org.openqa.selenium.ElementClickInterceptedException: element click intercepted: Element is not clickable at point (75, 794)
  (Session info: chrome=93.0.4577.82)
Build info: version: &apos;3.141.59&apos;, revision: &apos;e82be7d358&apos;, time: &apos;2018-11-14T08:17:03&apos;
System info: host: &apos;LTIN339106&apos;, ip: &apos;192.168.1.2&apos;, os.name: &apos;Windows 10&apos;, os.arch: &apos;amd64&apos;, os.version: &apos;10.0&apos;, java.version: &apos;1.8.0_271&apos;
Driver info: org.openqa.selenium.chrome.ChromeDriver
Capabilities {acceptInsecureCerts: false, browserName: chrome, browserVersion: 93.0.4577.82, chrome: {chromedriverVersion: 93.0.4577.63 (ff5c0da2ec0ad..., userDataDir: C:\Users\2066410\AppData\Lo...}, goog:chromeOptions: {debuggerAddress: localhost:52958}, javascriptEnabled: true, networkConnectionEnabled: false, pageLoadStrategy: normal, platform: WINDOWS, platformName: WINDOWS, proxy: Proxy(), setWindowRect: true, strictFileInteractability: false, timeouts: {implicit: 0, pageLoad: 300000, script: 30000}, unhandledPromptBehavior: dismiss and notify, webauthn:extension:credBlob: true, webauthn:extension:largeBlob: true, webauthn:virtualAuthenticators: true}
Session ID: e23a46aa99824d69515fc5209ac77840
	at org.openqa.selenium.remote.http.W3CHttpResponseCodec.createException(W3CHttpResponseCodec.java:187)
	at org.openqa.selenium.remote.http.W3CHttpResponseCodec.decode(W3CHttpResponseCodec.java:122)
	at org.openqa.selenium.remote.http.W3CHttpResponseCodec.decode(W3CHttpResponseCodec.java:49)
	at org.openqa.selenium.remote.HttpCommandExecutor.execute(HttpCommandExecutor.java:158)
	at org.openqa.selenium.remote.service.DriverCommandExecutor.execute(DriverCommandExecutor.java:83)
	at org.openqa.selenium.remote.RemoteWebDriver.execute(RemoteWebDriver.java:552)
	at org.openqa.selenium.remote.RemoteWebElement.execute(RemoteWebElement.java:285)
	at org.openqa.selenium.remote.RemoteWebElement.click(RemoteWebElement.java:84)
	at org.openqa.selenium.support.pagefactory.internal.LocatingElementHandler.invoke(LocatingElementHandler.java:51)
	at com.sun.proxy.$Proxy10.click(Unknown Source)
	at com.qa.ac.test.SignUpForNews.signUp(SignUpForNews.java:55)
... Removed 31 stack frames</pre></div><a href='#' onClick='toggleBox("stack-trace1699592203", this, "Click to show all stack frames", "Click to hide stack frames")'>Click to show all stack frames</a>
<div class='stack-trace' id='stack-trace1699592203'><pre>org.openqa.selenium.ElementClickInterceptedException: element click intercepted: Element is not clickable at point (75, 794)
  (Session info: chrome=93.0.4577.82)
Build info: version: &apos;3.141.59&apos;, revision: &apos;e82be7d358&apos;, time: &apos;2018-11-14T08:17:03&apos;
System info: host: &apos;LTIN339106&apos;, ip: &apos;192.168.1.2&apos;, os.name: &apos;Windows 10&apos;, os.arch: &apos;amd64&apos;, os.version: &apos;10.0&apos;, java.version: &apos;1.8.0_271&apos;
Driver info: org.openqa.selenium.chrome.ChromeDriver
Capabilities {acceptInsecureCerts: false, browserName: chrome, browserVersion: 93.0.4577.82, chrome: {chromedriverVersion: 93.0.4577.63 (ff5c0da2ec0ad..., userDataDir: C:\Users\2066410\AppData\Lo...}, goog:chromeOptions: {debuggerAddress: localhost:52958}, javascriptEnabled: true, networkConnectionEnabled: false, pageLoadStrategy: normal, platform: WINDOWS, platformName: WINDOWS, proxy: Proxy(), setWindowRect: true, strictFileInteractability: false, timeouts: {implicit: 0, pageLoad: 300000, script: 30000}, unhandledPromptBehavior: dismiss and notify, webauthn:extension:credBlob: true, webauthn:extension:largeBlob: true, webauthn:virtualAuthenticators: true}
Session ID: e23a46aa99824d69515fc5209ac77840
	at sun.reflect.NativeConstructorAccessorImpl.newInstance0(Native Method)
	at sun.reflect.NativeConstructorAccessorImpl.newInstance(NativeConstructorAccessorImpl.java:62)
	at sun.reflect.DelegatingConstructorAccessorImpl.newInstance(DelegatingConstructorAccessorImpl.java:45)
	at java.lang.reflect.Constructor.newInstance(Constructor.java:423)
	at org.openqa.selenium.remote.http.W3CHttpResponseCodec.createException(W3CHttpResponseCodec.java:187)
	at org.openqa.selenium.remote.http.W3CHttpResponseCodec.decode(W3CHttpResponseCodec.java:122)
	at org.openqa.selenium.remote.http.W3CHttpResponseCodec.decode(W3CHttpResponseCodec.java:49)
	at org.openqa.selenium.remote.HttpCommandExecutor.execute(HttpCommandExecutor.java:158)
	at org.openqa.selenium.remote.service.DriverCommandExecutor.execute(DriverCommandExecutor.java:83)
	at org.openqa.selenium.remote.RemoteWebDriver.execute(RemoteWebDriver.java:552)
	at org.openqa.selenium.remote.RemoteWebElement.execute(RemoteWebElement.java:285)
	at org.openqa.selenium.remote.RemoteWebElement.click(RemoteWebElement.java:84)
	at sun.reflect.GeneratedMethodAccessor7.invoke(Unknown Source)
	at sun.reflect.DelegatingMethodAccessorImpl.invoke(DelegatingMethodAccessorImpl.java:43)
	at java.lang.reflect.Method.invoke(Method.java:498)
	at org.openqa.selenium.support.pagefactory.internal.LocatingElementHandler.invoke(LocatingElementHandler.java:51)
	at com.sun.proxy.$Proxy10.click(Unknown Source)
	at com.qa.ac.test.SignUpForNews.signUp(SignUpForNews.java:55)
	at sun.reflect.NativeMethodAccessorImpl.invoke0(Native Method)
	at sun.reflect.NativeMethodAccessorImpl.invoke(NativeMethodAccessorImpl.java:62)
	at sun.reflect.DelegatingMethodAccessorImpl.invoke(DelegatingMethodAccessorImpl.java:43)
	at java.lang.reflect.Method.invoke(Method.java:498)
	at org.testng.internal.MethodInvocationHelper.invokeMethod(MethodInvocationHelper.java:86)
	at org.testng.internal.Invoker.invokeMethod(Invoker.java:645)
	at org.testng.internal.Invoker.invokeTestMethod(Invoker.java:822)
	at org.testng.internal.Invoker.invokeTestMethods(Invoker.java:1130)
	at org.testng.internal.TestMethodWorker.invokeTestMethods(TestMethodWorker.java:129)
	at org.testng.internal.TestMethodWorker.run(TestMethodWorker.java:112)
	at org.testng.TestRunner.privateRun(TestRunner.java:782)
	at org.testng.TestRunner.run(TestRunner.java:632)
	at org.testng.SuiteRunner.runTest(SuiteRunner.java:366)
	at org.testng.SuiteRunner.runSequentially(SuiteRunner.java:361)
	at org.testng.SuiteRunner.privateRun(SuiteRunner.java:319)
	at org.testng.SuiteRunner.run(SuiteRunner.java:268)
	at org.testng.SuiteRunnerWorker.runSuite(SuiteRunnerWorker.java:52)
	at org.testng.SuiteRunnerWorker.run(SuiteRunnerWorker.java:86)
	at org.testng.TestNG.runSuitesSequentially(TestNG.java:1244)
	at org.testng.TestNG.runSuitesLocally(TestNG.java:1169)
	at org.testng.TestNG.run(TestNG.java:1064)
	at org.testng.remote.RemoteTestNG.run(RemoteTestNG.java:113)
	at org.testng.remote.RemoteTestNG.initAndRun(RemoteTestNG.java:206)
	at org.testng.remote.RemoteTestNG.main(RemoteTestNG.java:177)
</pre></div></td>
<td>12</td>
<td>com.qa.ac.test.SignUpForNews@4520ebad</td></tr>
<tr>
<td title='com.qa.ac.test.SignUpForNews.signUp()'><b>signUp</b><br>Test class: com.qa.ac.test.SignUpForNews<br>Parameters: 345#Y, kumar#7, puja@yoyo.com, +910000000000, wet@#$,try colny,5678,Indian ocean, 2345.0, Invalid</td>
<td><div><pre>org.openqa.selenium.ElementClickInterceptedException: element click intercepted: Element is not clickable at point (75, 795)
  (Session info: chrome=93.0.4577.82)
Build info: version: &apos;3.141.59&apos;, revision: &apos;e82be7d358&apos;, time: &apos;2018-11-14T08:17:03&apos;
System info: host: &apos;LTIN339106&apos;, ip: &apos;192.168.1.2&apos;, os.name: &apos;Windows 10&apos;, os.arch: &apos;amd64&apos;, os.version: &apos;10.0&apos;, java.version: &apos;1.8.0_271&apos;
Driver info: org.openqa.selenium.chrome.ChromeDriver
Capabilities {acceptInsecureCerts: false, browserName: chrome, browserVersion: 93.0.4577.82, chrome: {chromedriverVersion: 93.0.4577.63 (ff5c0da2ec0ad..., userDataDir: C:\Users\2066410\AppData\Lo...}, goog:chromeOptions: {debuggerAddress: localhost:52958}, javascriptEnabled: true, networkConnectionEnabled: false, pageLoadStrategy: normal, platform: WINDOWS, platformName: WINDOWS, proxy: Proxy(), setWindowRect: true, strictFileInteractability: false, timeouts: {implicit: 0, pageLoad: 300000, script: 30000}, unhandledPromptBehavior: dismiss and notify, webauthn:extension:credBlob: true, webauthn:extension:largeBlob: true, webauthn:virtualAuthenticators: true}
Session ID: e23a46aa99824d69515fc5209ac77840
	at org.openqa.selenium.remote.http.W3CHttpResponseCodec.createException(W3CHttpResponseCodec.java:187)
	at org.openqa.selenium.remote.http.W3CHttpResponseCodec.decode(W3CHttpResponseCodec.java:122)
	at org.openqa.selenium.remote.http.W3CHttpResponseCodec.decode(W3CHttpResponseCodec.java:49)
	at org.openqa.selenium.remote.HttpCommandExecutor.execute(HttpCommandExecutor.java:158)
	at org.openqa.selenium.remote.service.DriverCommandExecutor.execute(DriverCommandExecutor.java:83)
	at org.openqa.selenium.remote.RemoteWebDriver.execute(RemoteWebDriver.java:552)
	at org.openqa.selenium.remote.RemoteWebElement.execute(RemoteWebElement.java:285)
	at org.openqa.selenium.remote.RemoteWebElement.click(RemoteWebElement.java:84)
	at org.openqa.selenium.support.pagefactory.internal.LocatingElementHandler.invoke(LocatingElementHandler.java:51)
	at com.sun.proxy.$Proxy10.click(Unknown Source)
	at com.qa.ac.test.SignUpForNews.signUp(SignUpForNews.java:55)
... Removed 31 stack frames</pre></div><a href='#' onClick='toggleBox("stack-trace1864856331", this, "Click to show all stack frames", "Click to hide stack frames")'>Click to show all stack frames</a>
<div class='stack-trace' id='stack-trace1864856331'><pre>org.openqa.selenium.ElementClickInterceptedException: element click intercepted: Element is not clickable at point (75, 795)
  (Session info: chrome=93.0.4577.82)
Build info: version: &apos;3.141.59&apos;, revision: &apos;e82be7d358&apos;, time: &apos;2018-11-14T08:17:03&apos;
System info: host: &apos;LTIN339106&apos;, ip: &apos;192.168.1.2&apos;, os.name: &apos;Windows 10&apos;, os.arch: &apos;amd64&apos;, os.version: &apos;10.0&apos;, java.version: &apos;1.8.0_271&apos;
Driver info: org.openqa.selenium.chrome.ChromeDriver
Capabilities {acceptInsecureCerts: false, browserName: chrome, browserVersion: 93.0.4577.82, chrome: {chromedriverVersion: 93.0.4577.63 (ff5c0da2ec0ad..., userDataDir: C:\Users\2066410\AppData\Lo...}, goog:chromeOptions: {debuggerAddress: localhost:52958}, javascriptEnabled: true, networkConnectionEnabled: false, pageLoadStrategy: normal, platform: WINDOWS, platformName: WINDOWS, proxy: Proxy(), setWindowRect: true, strictFileInteractability: false, timeouts: {implicit: 0, pageLoad: 300000, script: 30000}, unhandledPromptBehavior: dismiss and notify, webauthn:extension:credBlob: true, webauthn:extension:largeBlob: true, webauthn:virtualAuthenticators: true}
Session ID: e23a46aa99824d69515fc5209ac77840
	at sun.reflect.NativeConstructorAccessorImpl.newInstance0(Native Method)
	at sun.reflect.NativeConstructorAccessorImpl.newInstance(NativeConstructorAccessorImpl.java:62)
	at sun.reflect.DelegatingConstructorAccessorImpl.newInstance(DelegatingConstructorAccessorImpl.java:45)
	at java.lang.reflect.Constructor.newInstance(Constructor.java:423)
	at org.openqa.selenium.remote.http.W3CHttpResponseCodec.createException(W3CHttpResponseCodec.java:187)
	at org.openqa.selenium.remote.http.W3CHttpResponseCodec.decode(W3CHttpResponseCodec.java:122)
	at org.openqa.selenium.remote.http.W3CHttpResponseCodec.decode(W3CHttpResponseCodec.java:49)
	at org.openqa.selenium.remote.HttpCommandExecutor.execute(HttpCommandExecutor.java:158)
	at org.openqa.selenium.remote.service.DriverCommandExecutor.execute(DriverCommandExecutor.java:83)
	at org.openqa.selenium.remote.RemoteWebDriver.execute(RemoteWebDriver.java:552)
	at org.openqa.selenium.remote.RemoteWebElement.execute(RemoteWebElement.java:285)
	at org.openqa.selenium.remote.RemoteWebElement.click(RemoteWebElement.java:84)
	at sun.reflect.GeneratedMethodAccessor7.invoke(Unknown Source)
	at sun.reflect.DelegatingMethodAccessorImpl.invoke(DelegatingMethodAccessorImpl.java:43)
	at java.lang.reflect.Method.invoke(Method.java:498)
	at org.openqa.selenium.support.pagefactory.internal.LocatingElementHandler.invoke(LocatingElementHandler.java:51)
	at com.sun.proxy.$Proxy10.click(Unknown Source)
	at com.qa.ac.test.SignUpForNews.signUp(SignUpForNews.java:55)
	at sun.reflect.NativeMethodAccessorImpl.invoke0(Native Method)
	at sun.reflect.NativeMethodAccessorImpl.invoke(NativeMethodAccessorImpl.java:62)
	at sun.reflect.DelegatingMethodAccessorImpl.invoke(DelegatingMethodAccessorImpl.java:43)
	at java.lang.reflect.Method.invoke(Method.java:498)
	at org.testng.internal.MethodInvocationHelper.invokeMethod(MethodInvocationHelper.java:86)
	at org.testng.internal.Invoker.invokeMethod(Invoker.java:645)
	at org.testng.internal.Invoker.invokeTestMethod(Invoker.java:822)
	at org.testng.internal.Invoker.invokeTestMethods(Invoker.java:1130)
	at org.testng.internal.TestMethodWorker.invokeTestMethods(TestMethodWorker.java:129)
	at org.testng.internal.TestMethodWorker.run(TestMethodWorker.java:112)
	at org.testng.TestRunner.privateRun(TestRunner.java:782)
	at org.testng.TestRunner.run(TestRunner.java:632)
	at org.testng.SuiteRunner.runTest(SuiteRunner.java:366)
	at org.testng.SuiteRunner.runSequentially(SuiteRunner.java:361)
	at org.testng.SuiteRunner.privateRun(SuiteRunner.java:319)
	at org.testng.SuiteRunner.run(SuiteRunner.java:268)
	at org.testng.SuiteRunnerWorker.runSuite(SuiteRunnerWorker.java:52)
	at org.testng.SuiteRunnerWorker.run(SuiteRunnerWorker.java:86)
	at org.testng.TestNG.runSuitesSequentially(TestNG.java:1244)
	at org.testng.TestNG.runSuitesLocally(TestNG.java:1169)
	at org.testng.TestNG.run(TestNG.java:1064)
	at org.testng.remote.RemoteTestNG.run(RemoteTestNG.java:113)
	at org.testng.remote.RemoteTestNG.initAndRun(RemoteTestNG.java:206)
	at org.testng.remote.RemoteTestNG.main(RemoteTestNG.java:177)
</pre></div></td>
<td>12</td>
<td>com.qa.ac.test.SignUpForNews@4520ebad</td></tr>
<tr>
<td title='com.qa.ac.test.SignUpForNews.signUp()'><b>signUp</b><br>Test class: com.qa.ac.test.SignUpForNews<br>Parameters: priyanka90, kumari , 8705@hotmail.com, +910123456789, NA, 123, Invalid</td>
<td><div><pre>org.openqa.selenium.ElementClickInterceptedException: element click intercepted: Element is not clickable at point (75, 795)
  (Session info: chrome=93.0.4577.82)
Build info: version: &apos;3.141.59&apos;, revision: &apos;e82be7d358&apos;, time: &apos;2018-11-14T08:17:03&apos;
System info: host: &apos;LTIN339106&apos;, ip: &apos;192.168.1.2&apos;, os.name: &apos;Windows 10&apos;, os.arch: &apos;amd64&apos;, os.version: &apos;10.0&apos;, java.version: &apos;1.8.0_271&apos;
Driver info: org.openqa.selenium.chrome.ChromeDriver
Capabilities {acceptInsecureCerts: false, browserName: chrome, browserVersion: 93.0.4577.82, chrome: {chromedriverVersion: 93.0.4577.63 (ff5c0da2ec0ad..., userDataDir: C:\Users\2066410\AppData\Lo...}, goog:chromeOptions: {debuggerAddress: localhost:52958}, javascriptEnabled: true, networkConnectionEnabled: false, pageLoadStrategy: normal, platform: WINDOWS, platformName: WINDOWS, proxy: Proxy(), setWindowRect: true, strictFileInteractability: false, timeouts: {implicit: 0, pageLoad: 300000, script: 30000}, unhandledPromptBehavior: dismiss and notify, webauthn:extension:credBlob: true, webauthn:extension:largeBlob: true, webauthn:virtualAuthenticators: true}
Session ID: e23a46aa99824d69515fc5209ac77840
	at org.openqa.selenium.remote.http.W3CHttpResponseCodec.createException(W3CHttpResponseCodec.java:187)
	at org.openqa.selenium.remote.http.W3CHttpResponseCodec.decode(W3CHttpResponseCodec.java:122)
	at org.openqa.selenium.remote.http.W3CHttpResponseCodec.decode(W3CHttpResponseCodec.java:49)
	at org.openqa.selenium.remote.HttpCommandExecutor.execute(HttpCommandExecutor.java:158)
	at org.openqa.selenium.remote.service.DriverCommandExecutor.execute(DriverCommandExecutor.java:83)
	at org.openqa.selenium.remote.RemoteWebDriver.execute(RemoteWebDriver.java:552)
	at org.openqa.selenium.remote.RemoteWebElement.execute(RemoteWebElement.java:285)
	at org.openqa.selenium.remote.RemoteWebElement.click(RemoteWebElement.java:84)
	at org.openqa.selenium.support.pagefactory.internal.LocatingElementHandler.invoke(LocatingElementHandler.java:51)
	at com.sun.proxy.$Proxy10.click(Unknown Source)
	at com.qa.ac.test.SignUpForNews.signUp(SignUpForNews.java:55)
... Removed 31 stack frames</pre></div><a href='#' onClick='toggleBox("stack-trace1388081103", this, "Click to show all stack frames", "Click to hide stack frames")'>Click to show all stack frames</a>
<div class='stack-trace' id='stack-trace1388081103'><pre>org.openqa.selenium.ElementClickInterceptedException: element click intercepted: Element is not clickable at point (75, 795)
  (Session info: chrome=93.0.4577.82)
Build info: version: &apos;3.141.59&apos;, revision: &apos;e82be7d358&apos;, time: &apos;2018-11-14T08:17:03&apos;
System info: host: &apos;LTIN339106&apos;, ip: &apos;192.168.1.2&apos;, os.name: &apos;Windows 10&apos;, os.arch: &apos;amd64&apos;, os.version: &apos;10.0&apos;, java.version: &apos;1.8.0_271&apos;
Driver info: org.openqa.selenium.chrome.ChromeDriver
Capabilities {acceptInsecureCerts: false, browserName: chrome, browserVersion: 93.0.4577.82, chrome: {chromedriverVersion: 93.0.4577.63 (ff5c0da2ec0ad..., userDataDir: C:\Users\2066410\AppData\Lo...}, goog:chromeOptions: {debuggerAddress: localhost:52958}, javascriptEnabled: true, networkConnectionEnabled: false, pageLoadStrategy: normal, platform: WINDOWS, platformName: WINDOWS, proxy: Proxy(), setWindowRect: true, strictFileInteractability: false, timeouts: {implicit: 0, pageLoad: 300000, script: 30000}, unhandledPromptBehavior: dismiss and notify, webauthn:extension:credBlob: true, webauthn:extension:largeBlob: true, webauthn:virtualAuthenticators: true}
Session ID: e23a46aa99824d69515fc5209ac77840
	at sun.reflect.NativeConstructorAccessorImpl.newInstance0(Native Method)
	at sun.reflect.NativeConstructorAccessorImpl.newInstance(NativeConstructorAccessorImpl.java:62)
	at sun.reflect.DelegatingConstructorAccessorImpl.newInstance(DelegatingConstructorAccessorImpl.java:45)
	at java.lang.reflect.Constructor.newInstance(Constructor.java:423)
	at org.openqa.selenium.remote.http.W3CHttpResponseCodec.createException(W3CHttpResponseCodec.java:187)
	at org.openqa.selenium.remote.http.W3CHttpResponseCodec.decode(W3CHttpResponseCodec.java:122)
	at org.openqa.selenium.remote.http.W3CHttpResponseCodec.decode(W3CHttpResponseCodec.java:49)
	at org.openqa.selenium.remote.HttpCommandExecutor.execute(HttpCommandExecutor.java:158)
	at org.openqa.selenium.remote.service.DriverCommandExecutor.execute(DriverCommandExecutor.java:83)
	at org.openqa.selenium.remote.RemoteWebDriver.execute(RemoteWebDriver.java:552)
	at org.openqa.selenium.remote.RemoteWebElement.execute(RemoteWebElement.java:285)
	at org.openqa.selenium.remote.RemoteWebElement.click(RemoteWebElement.java:84)
	at sun.reflect.GeneratedMethodAccessor7.invoke(Unknown Source)
	at sun.reflect.DelegatingMethodAccessorImpl.invoke(DelegatingMethodAccessorImpl.java:43)
	at java.lang.reflect.Method.invoke(Method.java:498)
	at org.openqa.selenium.support.pagefactory.internal.LocatingElementHandler.invoke(LocatingElementHandler.java:51)
	at com.sun.proxy.$Proxy10.click(Unknown Source)
	at com.qa.ac.test.SignUpForNews.signUp(SignUpForNews.java:55)
	at sun.reflect.NativeMethodAccessorImpl.invoke0(Native Method)
	at sun.reflect.NativeMethodAccessorImpl.invoke(NativeMethodAccessorImpl.java:62)
	at sun.reflect.DelegatingMethodAccessorImpl.invoke(DelegatingMethodAccessorImpl.java:43)
	at java.lang.reflect.Method.invoke(Method.java:498)
	at org.testng.internal.MethodInvocationHelper.invokeMethod(MethodInvocationHelper.java:86)
	at org.testng.internal.Invoker.invokeMethod(Invoker.java:645)
	at org.testng.internal.Invoker.invokeTestMethod(Invoker.java:822)
	at org.testng.internal.Invoker.invokeTestMethods(Invoker.java:1130)
	at org.testng.internal.TestMethodWorker.invokeTestMethods(TestMethodWorker.java:129)
	at org.testng.internal.TestMethodWorker.run(TestMethodWorker.java:112)
	at org.testng.TestRunner.privateRun(TestRunner.java:782)
	at org.testng.TestRunner.run(TestRunner.java:632)
	at org.testng.SuiteRunner.runTest(SuiteRunner.java:366)
	at org.testng.SuiteRunner.runSequentially(SuiteRunner.java:361)
	at org.testng.SuiteRunner.privateRun(SuiteRunner.java:319)
	at org.testng.SuiteRunner.run(SuiteRunner.java:268)
	at org.testng.SuiteRunnerWorker.runSuite(SuiteRunnerWorker.java:52)
	at org.testng.SuiteRunnerWorker.run(SuiteRunnerWorker.java:86)
	at org.testng.TestNG.runSuitesSequentially(TestNG.java:1244)
	at org.testng.TestNG.runSuitesLocally(TestNG.java:1169)
	at org.testng.TestNG.run(TestNG.java:1064)
	at org.testng.remote.RemoteTestNG.run(RemoteTestNG.java:113)
	at org.testng.remote.RemoteTestNG.initAndRun(RemoteTestNG.java:206)
	at org.testng.remote.RemoteTestNG.main(RemoteTestNG.java:177)
</pre></div></td>
<td>13</td>
<td>com.qa.ac.test.SignUpForNews@4520ebad</td></tr>
<tr>
<td title='com.qa.ac.test.SignUpForNews.signUp()'><b>signUp</b><br>Test class: com.qa.ac.test.SignUpForNews<br>Parameters: qwerty, Priyanka#$%, asmw3456@pranav.com, +911111111111, werty675WERR, 24240, Invalid</td>
<td><div><pre>org.openqa.selenium.ElementClickInterceptedException: element click intercepted: Element is not clickable at point (75, 794)
  (Session info: chrome=93.0.4577.82)
Build info: version: &apos;3.141.59&apos;, revision: &apos;e82be7d358&apos;, time: &apos;2018-11-14T08:17:03&apos;
System info: host: &apos;LTIN339106&apos;, ip: &apos;192.168.1.2&apos;, os.name: &apos;Windows 10&apos;, os.arch: &apos;amd64&apos;, os.version: &apos;10.0&apos;, java.version: &apos;1.8.0_271&apos;
Driver info: org.openqa.selenium.chrome.ChromeDriver
Capabilities {acceptInsecureCerts: false, browserName: chrome, browserVersion: 93.0.4577.82, chrome: {chromedriverVersion: 93.0.4577.63 (ff5c0da2ec0ad..., userDataDir: C:\Users\2066410\AppData\Lo...}, goog:chromeOptions: {debuggerAddress: localhost:52958}, javascriptEnabled: true, networkConnectionEnabled: false, pageLoadStrategy: normal, platform: WINDOWS, platformName: WINDOWS, proxy: Proxy(), setWindowRect: true, strictFileInteractability: false, timeouts: {implicit: 0, pageLoad: 300000, script: 30000}, unhandledPromptBehavior: dismiss and notify, webauthn:extension:credBlob: true, webauthn:extension:largeBlob: true, webauthn:virtualAuthenticators: true}
Session ID: e23a46aa99824d69515fc5209ac77840
	at org.openqa.selenium.remote.http.W3CHttpResponseCodec.createException(W3CHttpResponseCodec.java:187)
	at org.openqa.selenium.remote.http.W3CHttpResponseCodec.decode(W3CHttpResponseCodec.java:122)
	at org.openqa.selenium.remote.http.W3CHttpResponseCodec.decode(W3CHttpResponseCodec.java:49)
	at org.openqa.selenium.remote.HttpCommandExecutor.execute(HttpCommandExecutor.java:158)
	at org.openqa.selenium.remote.service.DriverCommandExecutor.execute(DriverCommandExecutor.java:83)
	at org.openqa.selenium.remote.RemoteWebDriver.execute(RemoteWebDriver.java:552)
	at org.openqa.selenium.remote.RemoteWebElement.execute(RemoteWebElement.java:285)
	at org.openqa.selenium.remote.RemoteWebElement.click(RemoteWebElement.java:84)
	at org.openqa.selenium.support.pagefactory.internal.LocatingElementHandler.invoke(LocatingElementHandler.java:51)
	at com.sun.proxy.$Proxy10.click(Unknown Source)
	at com.qa.ac.test.SignUpForNews.signUp(SignUpForNews.java:55)
... Removed 31 stack frames</pre></div><a href='#' onClick='toggleBox("stack-trace41772135", this, "Click to show all stack frames", "Click to hide stack frames")'>Click to show all stack frames</a>
<div class='stack-trace' id='stack-trace41772135'><pre>org.openqa.selenium.ElementClickInterceptedException: element click intercepted: Element is not clickable at point (75, 794)
  (Session info: chrome=93.0.4577.82)
Build info: version: &apos;3.141.59&apos;, revision: &apos;e82be7d358&apos;, time: &apos;2018-11-14T08:17:03&apos;
System info: host: &apos;LTIN339106&apos;, ip: &apos;192.168.1.2&apos;, os.name: &apos;Windows 10&apos;, os.arch: &apos;amd64&apos;, os.version: &apos;10.0&apos;, java.version: &apos;1.8.0_271&apos;
Driver info: org.openqa.selenium.chrome.ChromeDriver
Capabilities {acceptInsecureCerts: false, browserName: chrome, browserVersion: 93.0.4577.82, chrome: {chromedriverVersion: 93.0.4577.63 (ff5c0da2ec0ad..., userDataDir: C:\Users\2066410\AppData\Lo...}, goog:chromeOptions: {debuggerAddress: localhost:52958}, javascriptEnabled: true, networkConnectionEnabled: false, pageLoadStrategy: normal, platform: WINDOWS, platformName: WINDOWS, proxy: Proxy(), setWindowRect: true, strictFileInteractability: false, timeouts: {implicit: 0, pageLoad: 300000, script: 30000}, unhandledPromptBehavior: dismiss and notify, webauthn:extension:credBlob: true, webauthn:extension:largeBlob: true, webauthn:virtualAuthenticators: true}
Session ID: e23a46aa99824d69515fc5209ac77840
	at sun.reflect.NativeConstructorAccessorImpl.newInstance0(Native Method)
	at sun.reflect.NativeConstructorAccessorImpl.newInstance(NativeConstructorAccessorImpl.java:62)
	at sun.reflect.DelegatingConstructorAccessorImpl.newInstance(DelegatingConstructorAccessorImpl.java:45)
	at java.lang.reflect.Constructor.newInstance(Constructor.java:423)
	at org.openqa.selenium.remote.http.W3CHttpResponseCodec.createException(W3CHttpResponseCodec.java:187)
	at org.openqa.selenium.remote.http.W3CHttpResponseCodec.decode(W3CHttpResponseCodec.java:122)
	at org.openqa.selenium.remote.http.W3CHttpResponseCodec.decode(W3CHttpResponseCodec.java:49)
	at org.openqa.selenium.remote.HttpCommandExecutor.execute(HttpCommandExecutor.java:158)
	at org.openqa.selenium.remote.service.DriverCommandExecutor.execute(DriverCommandExecutor.java:83)
	at org.openqa.selenium.remote.RemoteWebDriver.execute(RemoteWebDriver.java:552)
	at org.openqa.selenium.remote.RemoteWebElement.execute(RemoteWebElement.java:285)
	at org.openqa.selenium.remote.RemoteWebElement.click(RemoteWebElement.java:84)
	at sun.reflect.GeneratedMethodAccessor7.invoke(Unknown Source)
	at sun.reflect.DelegatingMethodAccessorImpl.invoke(DelegatingMethodAccessorImpl.java:43)
	at java.lang.reflect.Method.invoke(Method.java:498)
	at org.openqa.selenium.support.pagefactory.internal.LocatingElementHandler.invoke(LocatingElementHandler.java:51)
	at com.sun.proxy.$Proxy10.click(Unknown Source)
	at com.qa.ac.test.SignUpForNews.signUp(SignUpForNews.java:55)
	at sun.reflect.NativeMethodAccessorImpl.invoke0(Native Method)
	at sun.reflect.NativeMethodAccessorImpl.invoke(NativeMethodAccessorImpl.java:62)
	at sun.reflect.DelegatingMethodAccessorImpl.invoke(DelegatingMethodAccessorImpl.java:43)
	at java.lang.reflect.Method.invoke(Method.java:498)
	at org.testng.internal.MethodInvocationHelper.invokeMethod(MethodInvocationHelper.java:86)
	at org.testng.internal.Invoker.invokeMethod(Invoker.java:645)
	at org.testng.internal.Invoker.invokeTestMethod(Invoker.java:822)
	at org.testng.internal.Invoker.invokeTestMethods(Invoker.java:1130)
	at org.testng.internal.TestMethodWorker.invokeTestMethods(TestMethodWorker.java:129)
	at org.testng.internal.TestMethodWorker.run(TestMethodWorker.java:112)
	at org.testng.TestRunner.privateRun(TestRunner.java:782)
	at org.testng.TestRunner.run(TestRunner.java:632)
	at org.testng.SuiteRunner.runTest(SuiteRunner.java:366)
	at org.testng.SuiteRunner.runSequentially(SuiteRunner.java:361)
	at org.testng.SuiteRunner.privateRun(SuiteRunner.java:319)
	at org.testng.SuiteRunner.run(SuiteRunner.java:268)
	at org.testng.SuiteRunnerWorker.runSuite(SuiteRunnerWorker.java:52)
	at org.testng.SuiteRunnerWorker.run(SuiteRunnerWorker.java:86)
	at org.testng.TestNG.runSuitesSequentially(TestNG.java:1244)
	at org.testng.TestNG.runSuitesLocally(TestNG.java:1169)
	at org.testng.TestNG.run(TestNG.java:1064)
	at org.testng.remote.RemoteTestNG.run(RemoteTestNG.java:113)
	at org.testng.remote.RemoteTestNG.initAndRun(RemoteTestNG.java:206)
	at org.testng.remote.RemoteTestNG.main(RemoteTestNG.java:177)
</pre></div></td>
<td>12</td>
<td>com.qa.ac.test.SignUpForNews@4520ebad</td></tr>
</table><p>
<table width='100%' border='1' class='invocation-passed'>
<tr><td colspan='4' align='center'><b>PASSED TESTS</b></td></tr>
<tr><td><b>Test method</b></td>
<td width="30%"><b>Exception</b></td>
<td width="10%"><b>Time (seconds)</b></td>
<td><b>Instance</b></td>
</tr>
<tr>
<td title='com.qa.ac.test.Newsroom.NewsRoom()'><b>NewsRoom</b><br>Test class: com.qa.ac.test.Newsroom<br/>
<a href="#Output-1170391958" onClick='toggleBox("Output-1170391958", this, "Show output", "Hide output");'>Show output</a>

<a href="#Output-1170391958" onClick="toggleAllBoxes();">Show all outputs</a>
<div class='log' id="Output-1170391958">
NewsRoom | Attends<br/>
</div>
</td>
<td></td>
<td>8</td>
<td>com.qa.ac.test.Newsroom@7dc7cbad</td></tr>
<tr>
<td title='com.qa.ac.test.OurBrand.Ourbrand()'><b>Ourbrand</b><br>Test class: com.qa.ac.test.OurBrand<br/>
<a href="#Output-1965388767" onClick='toggleBox("Output-1965388767", this, "Show output", "Hide output");'>Show output</a>

<a href="#Output-1965388767" onClick="toggleAllBoxes();">Show all outputs</a>
<div class='log' id="Output-1965388767">
Our Brands | Attends<br/>
</div>
</td>
<td></td>
<td>36</td>
<td>com.qa.ac.test.OurBrand@7c16905e</td></tr>
<tr>
<td title='com.qa.ac.test.ProductBabyCare.Ourproducts()'><b>Ourproducts</b><br>Test class: com.qa.ac.test.ProductBabyCare</td>
<td></td>
<td>8</td>
<td>com.qa.ac.test.ProductBabyCare@2ef5e5e3</td></tr>
<tr>
<td title='com.qa.ac.test.ProductOthers.Ourproducts()'><b>Ourproducts</b><br>Test class: com.qa.ac.test.ProductOthers</td>
<td></td>
<td>6</td>
<td>com.qa.ac.test.ProductOthers@51081592</td></tr>
<tr>
<td title='com.qa.ac.test.ProductList.Ourproducts()'><b>Ourproducts</b><br>Test class: com.qa.ac.test.ProductList</td>
<td></td>
<td>2</td>
<td>com.qa.ac.test.ProductList@7f9a81e8</td></tr>
<tr>
<td title='com.qa.ac.test.ProductClinical.Ourproducts()'><b>Ourproducts</b><br>Test class: com.qa.ac.test.ProductClinical</td>
<td></td>
<td>6</td>
<td>com.qa.ac.test.ProductClinical@62ee68d8</td></tr>
<tr>
<td title='com.qa.ac.test.ProductAdultIncontinence.Ourproducts()'><b>Ourproducts</b><br>Test class: com.qa.ac.test.ProductAdultIncontinence</td>
<td></td>
<td>9</td>
<td>com.qa.ac.test.ProductAdultIncontinence@5419f379</td></tr>
<tr>
<td title='com.qa.ac.test.OurProducts.Ourproducts()'><b>Ourproducts</b><br>Test class: com.qa.ac.test.OurProducts<br/>
<a href="#Output-1060357604" onClick='toggleBox("Output-1060357604", this, "Show output", "Hide output");'>Show output</a>

<a href="#Output-1060357604" onClick="toggleAllBoxes();">Show all outputs</a>
<div class='log' id="Output-1060357604">
Corporate Home Page | Attends<br/>
</div>
</td>
<td></td>
<td>2</td>
<td>com.qa.ac.test.OurProducts@20e2cbe0</td></tr>
<tr>
<td title='com.qa.ac.test.Careers.careers()'><b>careers</b><br>Test class: com.qa.ac.test.Careers<br/>
<a href="#Output-911201454" onClick='toggleBox("Output-911201454", this, "Show output", "Hide output");'>Show output</a>

<a href="#Output-911201454" onClick="toggleAllBoxes();">Show all outputs</a>
<div class='log' id="Output-911201454">
Careers | Attends<br/>
Careers | Attends<br/>
</div>
</td>
<td></td>
<td>2</td>
<td>com.qa.ac.test.Careers@100fc185</td></tr>
<tr>
<td title='com.qa.ac.test.OpportunitiesCarrer.careers()'><b>careers</b><br>Test class: com.qa.ac.test.OpportunitiesCarrer</td>
<td></td>
<td>2</td>
<td>com.qa.ac.test.OpportunitiesCarrer@4f933fd1</td></tr>
<tr>
<td title='com.qa.ac.test.ContactUs.contactUs()'><b>contactUs</b><br>Test class: com.qa.ac.test.ContactUs<br/>
<a href="#Output-150306380" onClick='toggleBox("Output-150306380", this, "Show output", "Hide output");'>Show output</a>

<a href="#Output-150306380" onClick="toggleAllBoxes();">Show all outputs</a>
<div class='log' id="Output-150306380">
Contact us | Attends<br/>
</div>
</td>
<td></td>
<td>8</td>
<td>com.qa.ac.test.ContactUs@6d00a15d</td></tr>
<tr>
<td title='com.qa.ac.test.LatestNews.latestNews()'><b>latestNews</b><br>Test class: com.qa.ac.test.LatestNews<br/>
<a href="#Output-832219630" onClick='toggleBox("Output-832219630", this, "Show output", "Hide output");'>Show output</a>

<a href="#Output-832219630" onClick="toggleAllBoxes();">Show all outputs</a>
<div class='log' id="Output-832219630">
Latest News | Attends<br/>
</div>
</td>
<td></td>
<td>13</td>
<td>com.qa.ac.test.LatestNews@9629756</td></tr>
<tr>
<td title='com.qa.ac.test.MediaContact.mediaContact()'><b>mediaContact</b><br>Test class: com.qa.ac.test.MediaContact<br/>
<a href="#Output-1879414521" onClick='toggleBox("Output-1879414521", this, "Show output", "Hide output");'>Show output</a>

<a href="#Output-1879414521" onClick="toggleAllBoxes();">Show all outputs</a>
<div class='log' id="Output-1879414521">
Global Media Contact | Attends<br/>
</div>
</td>
<td></td>
<td>8</td>
<td>com.qa.ac.test.MediaContact@1753acfe</td></tr>
<tr>
<td title='com.qa.ac.test.OurBrandAdultIncontinence.ourBrandAdult()'><b>ourBrandAdult</b><br>Test class: com.qa.ac.test.OurBrandAdultIncontinence</td>
<td></td>
<td>61</td>
<td>com.qa.ac.test.OurBrandAdultIncontinence@d2cc05a</td></tr>
<tr>
<td title='com.qa.ac.test.OurBrandBabyCare.ourBrandBabyCare()'><b>ourBrandBabyCare</b><br>Test class: com.qa.ac.test.OurBrandBabyCare</td>
<td></td>
<td>27</td>
<td>com.qa.ac.test.OurBrandBabyCare@3a82f6ef</td></tr>
<tr>
<td title='com.qa.ac.test.OurBrandOthers.ourBrandBabyCare()'><b>ourBrandBabyCare</b><br>Test class: com.qa.ac.test.OurBrandOthers</td>
<td></td>
<td>9</td>
<td>com.qa.ac.test.OurBrandOthers@51efea79</td></tr>
<tr>
<td title='com.qa.ac.test.OurBrandCategoryAll.ourBrandCategory()'><b>ourBrandCategory</b><br>Test class: com.qa.ac.test.OurBrandCategoryAll</td>
<td></td>
<td>81</td>
<td>com.qa.ac.test.OurBrandCategoryAll@735b5592</td></tr>
<tr>
<td title='com.qa.ac.test.OurBrandClinical.ourBrandClinical()'><b>ourBrandClinical</b><br>Test class: com.qa.ac.test.OurBrandClinical</td>
<td></td>
<td>16</td>
<td>com.qa.ac.test.OurBrandClinical@58651fd0</td></tr>
<tr>
<td title='com.qa.ac.test.OurBrandDisplay.ourBrandDisplay()'><b>ourBrandDisplay</b><br>Test class: com.qa.ac.test.OurBrandDisplay</td>
<td></td>
<td>10</td>
<td>com.qa.ac.test.OurBrandDisplay@5034c75a</td></tr>
<tr>
<td title='com.qa.ac.test.PressRealse.pressRealse()'><b>pressRealse</b><br>Test class: com.qa.ac.test.PressRealse</td>
<td></td>
<td>29</td>
<td>com.qa.ac.test.PressRealse@396a51ab</td></tr>
<tr>
<td title='com.qa.ac.test.SignUpForContactUs.signUp()'><b>signUp</b><br>Test class: com.qa.ac.test.SignUpForContactUs<br>Parameters: Pranav, Prakash, Pranavprakash753@gmail.com, +917011760234, Aman%$09876, 232, Valid</td>
<td></td>
<td>18</td>
<td>com.qa.ac.test.SignUpForContactUs@23ceabc1</td></tr>
<tr>
<td title='com.qa.ac.test.SignUpForContactUs.signUp()'><b>signUp</b><br>Test class: com.qa.ac.test.SignUpForContactUs<br>Parameters: josphine, kumari, josphinekr89@cognizant.com, +918973456325, 0000000000, 111, Invalid</td>
<td></td>
<td>17</td>
<td>com.qa.ac.test.SignUpForContactUs@23ceabc1</td></tr>
<tr>
<td title='com.qa.ac.test.SignUpForContactUs.signUp()'><b>signUp</b><br>Test class: com.qa.ac.test.SignUpForContactUs<br>Parameters: 345#Y, kumar#7, puja@yoyo.com, +910000000000, wet@#$,try colny,5678,Indian ocean, 2345.0, Invalid</td>
<td></td>
<td>18</td>
<td>com.qa.ac.test.SignUpForContactUs@23ceabc1</td></tr>
<tr>
<td title='com.qa.ac.test.SignUpForContactUs.signUp()'><b>signUp</b><br>Test class: com.qa.ac.test.SignUpForContactUs<br>Parameters: priyanka90, kumari , 8705@hotmail.com, +910123456789, NA, 123, Invalid</td>
<td></td>
<td>17</td>
<td>com.qa.ac.test.SignUpForContactUs@23ceabc1</td></tr>
<tr>
<td title='com.qa.ac.test.SignUpForContactUs.signUp()'><b>signUp</b><br>Test class: com.qa.ac.test.SignUpForContactUs<br>Parameters: qwerty, Priyanka#$%, asmw3456@pranav.com, +911111111111, werty675WERR, 24240, Invalid</td>
<td></td>
<td>17</td>
<td>com.qa.ac.test.SignUpForContactUs@23ceabc1</td></tr>
<tr>
<td title='com.qa.ac.test.SignUpForMediaContact.signUp()'><b>signUp</b><br>Test class: com.qa.ac.test.SignUpForMediaContact<br>Parameters: Pranav, Prakash, Pranavprakash753@gmail.com, +917011760234, Aman%$09876, 232, Valid</td>
<td></td>
<td>21</td>
<td>com.qa.ac.test.SignUpForMediaContact@548a9f61</td></tr>
<tr>
<td title='com.qa.ac.test.SignUpForMediaContact.signUp()'><b>signUp</b><br>Test class: com.qa.ac.test.SignUpForMediaContact<br>Parameters: josphine, kumari, josphinekr89@cognizant.com, +918973456325, 0000000000, 111, Invalid</td>
<td></td>
<td>16</td>
<td>com.qa.ac.test.SignUpForMediaContact@548a9f61</td></tr>
<tr>
<td title='com.qa.ac.test.SignUpForMediaContact.signUp()'><b>signUp</b><br>Test class: com.qa.ac.test.SignUpForMediaContact<br>Parameters: 345#Y, kumar#7, puja@yoyo.com, +910000000000, wet@#$,try colny,5678,Indian ocean, 2345.0, Invalid</td>
<td></td>
<td>18</td>
<td>com.qa.ac.test.SignUpForMediaContact@548a9f61</td></tr>
<tr>
<td title='com.qa.ac.test.SignUpForMediaContact.signUp()'><b>signUp</b><br>Test class: com.qa.ac.test.SignUpForMediaContact<br>Parameters: priyanka90, kumari , 8705@hotmail.com, +910123456789, NA, 123, Invalid</td>
<td></td>
<td>17</td>
<td>com.qa.ac.test.SignUpForMediaContact@548a9f61</td></tr>
<tr>
<td title='com.qa.ac.test.SignUpForMediaContact.signUp()'><b>signUp</b><br>Test class: com.qa.ac.test.SignUpForMediaContact<br>Parameters: qwerty, Priyanka#$%, asmw3456@pranav.com, +911111111111, werty675WERR, 24240, Invalid</td>
<td></td>
<td>17</td>
<td>com.qa.ac.test.SignUpForMediaContact@548a9f61</td></tr>
<tr>
<td title='com.qa.ac.test.newsSignUp.signUp()'><b>signUp</b><br>Test class: com.qa.ac.test.newsSignUp<br/>
<a href="#Output-404775810" onClick='toggleBox("Output-404775810", this, "Show output", "Hide output");'>Show output</a>

<a href="#Output-404775810" onClick="toggleAllBoxes();">Show all outputs</a>
<div class='log' id="Output-404775810">
Subscribe News Alert | Attends<br/>
</div>
</td>
<td></td>
<td>10</td>
<td>com.qa.ac.test.newsSignUp@2a2d45ba</td></tr>
<tr>
<td title='com.qa.ac.test.Sustainability.sustainability()'><b>sustainability</b><br>Test class: com.qa.ac.test.Sustainability<br/>
<a href="#Output-1917082298" onClick='toggleBox("Output-1917082298", this, "Show output", "Hide output");'>Show output</a>

<a href="#Output-1917082298" onClick="toggleAllBoxes();">Show all outputs</a>
<div class='log' id="Output-1917082298">
Sustainability | Attends<br/>
</div>
</td>
<td></td>
<td>29</td>
<td>com.qa.ac.test.Sustainability@5dfcfece</td></tr>
<tr>
<td title='com.qa.ac.test.OurPresence.verifyTitle()'><b>verifyTitle</b><br>Test class: com.qa.ac.test.OurPresence<br/>
<a href="#Output-2145896000" onClick='toggleBox("Output-2145896000", this, "Show output", "Hide output");'>Show output</a>

<a href="#Output-2145896000" onClick="toggleAllBoxes();">Show all outputs</a>
<div class='log' id="Output-2145896000">
Our Presence | Attends<br/>
</div>
</td>
<td></td>
<td>3</td>
<td>com.qa.ac.test.OurPresence@4439f31e</td></tr>
<tr>
<td title='com.qa.ac.test.OurLeaders.verifyTitle()'><b>verifyTitle</b><br>Test class: com.qa.ac.test.OurLeaders<br/>
<a href="#Output-1985235978" onClick='toggleBox("Output-1985235978", this, "Show output", "Hide output");'>Show output</a>

<a href="#Output-1985235978" onClick="toggleAllBoxes();">Show all outputs</a>
<div class='log' id="Output-1985235978">
Our Leaders | Attends<br/>
</div>
</td>
<td></td>
<td>3</td>
<td>com.qa.ac.test.OurLeaders@5d5eef3d</td></tr>
<tr>
<td title='com.qa.ac.test.OurPortfolioCompanies.verifyTitle()'><b>verifyTitle</b><br>Test class: com.qa.ac.test.OurPortfolioCompanies<br/>
<a href="#Output-256084228" onClick='toggleBox("Output-256084228", this, "Show output", "Hide output");'>Show output</a>

<a href="#Output-256084228" onClick="toggleAllBoxes();">Show all outputs</a>
<div class='log' id="Output-256084228">
Our portfolio Companies | Attends<br/>
</div>
</td>
<td></td>
<td>5</td>
<td>com.qa.ac.test.OurPortfolioCompanies@56f4468b</td></tr>
<tr>
<td title='com.qa.ac.test.VerifyHomepage.verifyTitle()'><b>verifyTitle</b><br>Test class: com.qa.ac.test.VerifyHomepage<br/>
<a href="#Output-2122225197" onClick='toggleBox("Output-2122225197", this, "Show output", "Hide output");'>Show output</a>

<a href="#Output-2122225197" onClick="toggleAllBoxes();">Show all outputs</a>
<div class='log' id="Output-2122225197">
Corporate Home Page | Attends<br/>
</div>
</td>
<td></td>
<td>4</td>
<td>com.qa.ac.test.VerifyHomepage@6cc4c815</td></tr>
<tr>
<td title='com.qa.ac.test.OurBusiness.verifyTitle()'><b>verifyTitle</b><br>Test class: com.qa.ac.test.OurBusiness<br/>
<a href="#Output-2088661957" onClick='toggleBox("Output-2088661957", this, "Show output", "Hide output");'>Show output</a>

<a href="#Output-2088661957" onClick="toggleAllBoxes();">Show all outputs</a>
<div class='log' id="Output-2088661957">
Our Business | Attends<br/>
</div>
</td>
<td></td>
<td>5</td>
<td>com.qa.ac.test.OurBusiness@643b1d11</td></tr>
<tr>
<td title='com.qa.ac.test.OurHistory.verifyTitle()'><b>verifyTitle</b><br>Test class: com.qa.ac.test.OurHistory<br/>
<a href="#Output-1898870910" onClick='toggleBox("Output-1898870910", this, "Show output", "Hide output");'>Show output</a>

<a href="#Output-1898870910" onClick="toggleAllBoxes();">Show all outputs</a>
<div class='log' id="Output-1898870910">
Our History | Attends<br/>
</div>
</td>
<td></td>
<td>3</td>
<td>com.qa.ac.test.OurHistory@36d4b5c</td></tr>
<tr>
<td title='com.qa.ac.test.MakingItPersonal.verifyTitle()'><b>verifyTitle</b><br>Test class: com.qa.ac.test.MakingItPersonal<br/>
<a href="#Output-918053448" onClick='toggleBox("Output-918053448", this, "Show output", "Hide output");'>Show output</a>

<a href="#Output-918053448" onClick="toggleAllBoxes();">Show all outputs</a>
<div class='log' id="Output-918053448">
Making It Personal | Attends<br/>
</div>
</td>
<td></td>
<td>6</td>
<td>com.qa.ac.test.MakingItPersonal@2a5ca609</td></tr>
</table><p>
</body>
</html>